<?xml version="1.0" encoding="UTF-8"?>
<testng-results ignored="0" total="1" passed="1" failed="0" skipped="0">
  <reporter-output>
  </reporter-output>
  <suite started-at="2022-05-30T13:02:49 IST" name="Default suite" finished-at="2022-05-30T13:03:34 IST" duration-ms="44844">
    <groups>
    </groups>
    <test started-at="2022-05-30T13:02:49 IST" name="Default test" finished-at="2022-05-30T13:03:34 IST" duration-ms="44844">
      <class name="com.MukeshTest.WebTable">
        <test-method signature="verifytable()[pri:0, instance:com.MukeshTest.WebTable@247d8ae]" started-at="2022-05-30T13:02:49 IST" name="verifytable" finished-at="2022-05-30T13:03:34 IST" duration-ms="44666" status="PASS">
          <reporter-output>
          </reporter-output>
        </test-method> <!-- verifytable -->
      </class> <!-- com.MukeshTest.WebTable -->
    </test> <!-- Default test -->
  </suite> <!-- Default suite -->
</testng-results>
