<?xml version="1.0" encoding="UTF-8"?>
<testng-results ignored="0" total="1" passed="1" failed="0" skipped="0">
  <reporter-output>
  </reporter-output>
  <suite started-at="2023-06-23T22:11:32 IST" name="Default suite" finished-at="2023-06-23T22:11:56 IST" duration-ms="24220">
    <groups>
    </groups>
    <test started-at="2023-06-23T22:11:32 IST" name="Default test" finished-at="2023-06-23T22:11:56 IST" duration-ms="24220">
      <class name="com.AmazonTest.AmazonTest">
        <test-method is-config="true" signature="browser()[pri:0, instance:com.AmazonTest.AmazonTest@37654521]" started-at="2023-06-23T22:11:32 IST" name="browser" finished-at="2023-06-23T22:11:44 IST" duration-ms="11905" status="PASS">
          <reporter-output>
          </reporter-output>
        </test-method> <!-- browser -->
        <test-method signature="amazon()[pri:0, instance:com.AmazonTest.AmazonTest@37654521]" started-at="2023-06-23T22:11:44 IST" name="amazon" finished-at="2023-06-23T22:11:56 IST" duration-ms="12246" status="PASS">
          <reporter-output>
          </reporter-output>
        </test-method> <!-- amazon -->
        <test-method is-config="true" signature="close()[pri:0, instance:com.AmazonTest.AmazonTest@37654521]" started-at="2023-06-23T22:11:56 IST" name="close" finished-at="2023-06-23T22:11:56 IST" duration-ms="1" status="PASS">
          <reporter-output>
          </reporter-output>
        </test-method> <!-- close -->
      </class> <!-- com.AmazonTest.AmazonTest -->
    </test> <!-- Default test -->
  </suite> <!-- Default suite -->
</testng-results>
