<?xml version="1.0" encoding="UTF-8"?>
<!-- Generated by org.testng.reporters.JUnitXMLReporter -->
<testsuite ignored="0" hostname="LAPTOP-4S1GC75Q" failures="1" tests="1" name="Alerts" time="54.741" errors="0" timestamp="2022-04-06T10:11:46 IST">
  <testcase classname="com.pomAutomationTest.ActionWithAlertsTest" name="AutomationDemo" time="54.286">
    <failure type="java.lang.NullPointerException">
      <![CDATA[java.lang.NullPointerException
at java.base/java.util.Objects.requireNonNull(Objects.java:221)
at org.openqa.selenium.interactions.Actions.<init>(Actions.java:65)
at com.PomAutomation.ActionsWithAlerts.<init>(ActionsWithAlerts.java:18)
at com.pomAutomationTest.ActionWithAlertsTest.AutomationDemo(ActionWithAlertsTest.java:23)
at java.base/java.util.ArrayList.forEach(ArrayList.java:1540)
... Removed 27 stack frames]]>
    </failure>
  </testcase> <!-- AutomationDemo -->
</testsuite> <!-- Alerts -->
