<?xml version="1.0" encoding="UTF-8"?>
<!-- Generated by org.testng.reporters.JUnitXMLReporter -->
<testsuite ignored="0" hostname="LAPTOP-4S1GC75Q" failures="0" tests="4" name="Registration testcases" time="117.185" errors="0" timestamp="2022-03-04T17:27:06 IST">
  <testcase classname="com.ExcelDataTest.RegistrationTest" name="regfld" time="4.993"/>
  <testcase classname="com.ExcelDataTest.RegistrationTest" name="regfld" time="1.325"/>
  <testcase classname="com.ExcelDataTest.RegistrationTest" name="regfld" time="2.562"/>
  <testcase classname="com.ExcelDataTest.RegistrationTest" name="regfld" time="1.296"/>
</testsuite> <!-- Registration testcases -->
